<?xml version="1.0" encoding="UTF-8"?>
<testsuite name="seedu.ticktask.logic.commands.DeleteCompleteCommandTest" tests="4" skipped="0" failures="0" errors="0" timestamp="2017-07-17T07:33:14" hostname="Cherry-Goh" time="0.039">
  <properties/>
  <testcase name="execute_invalidIndexUnfilteredList_throwsCommandException" classname="seedu.ticktask.logic.commands.DeleteCompleteCommandTest" time="0.0"/>
  <testcase name="execute_validIndexUnfilteredList_success" classname="seedu.ticktask.logic.commands.DeleteCompleteCommandTest" time="0.005"/>
  <testcase name="execute_validIndexFilteredList_success" classname="seedu.ticktask.logic.commands.DeleteCompleteCommandTest" time="0.002"/>
  <testcase name="execute_invalidIndexFilteredList_throwsCommandException" classname="seedu.ticktask.logic.commands.DeleteCompleteCommandTest" time="0.0"/>
  <system-out><![CDATA[]]></system-out>
  <system-err><![CDATA[Jul 17, 2017 3:33:14 PM seedu.ticktask.commons.core.EventsCenter post
INFO: ------[Event Posted] seedu.ticktask.commons.events.model.TickTaskChangedEvent: number of Tasks 0, number of tags 3
Jul 17, 2017 3:33:14 PM seedu.ticktask.commons.core.EventsCenter post
INFO: ------[Event Posted] seedu.ticktask.commons.events.model.TickTaskChangedEvent: number of Tasks 0, number of tags 3
Jul 17, 2017 3:33:14 PM seedu.ticktask.commons.core.EventsCenter post
INFO: ------[Event Posted] seedu.ticktask.commons.events.model.TickTaskChangedEvent: number of Tasks 0, number of tags 3
Jul 17, 2017 3:33:14 PM seedu.ticktask.commons.core.EventsCenter post
INFO: ------[Event Posted] seedu.ticktask.commons.events.model.TickTaskChangedEvent: number of Tasks 0, number of tags 3
]]></system-err>
</testsuite>
