<?xml version="1.0" encoding="UTF-8"?>
<testsuite name="seedu.ticktask.commons.util.AppUtilTest" tests="4" skipped="0" failures="0" errors="0" timestamp="2017-07-17T07:33:09" hostname="Cherry-Goh" time="0.015">
  <properties/>
  <testcase name="checkArgument_falseWithoutErrorMessage_throwsIllegalArgumentException" classname="seedu.ticktask.commons.util.AppUtilTest" time="0.011"/>
  <testcase name="getImage_nullGiven_throwsNullPointerException" classname="seedu.ticktask.commons.util.AppUtilTest" time="0.0"/>
  <testcase name="checkArgument_true_nothingHappens" classname="seedu.ticktask.commons.util.AppUtilTest" time="0.0"/>
  <testcase name="checkArgument_falseWithErrorMessage_throwsIllegalArgumentException" classname="seedu.ticktask.commons.util.AppUtilTest" time="0.003"/>
  <system-out><![CDATA[]]></system-out>
  <system-err><![CDATA[]]></system-err>
</testsuite>
