<?xml version="1.0" encoding="UTF-8"?>
<testsuite name="seedu.ticktask.logic.parser.parseEditCommandTest" tests="2" skipped="0" failures="0" errors="0" timestamp="2017-07-17T07:33:14" hostname="Cherry-Goh" time="0.004">
  <properties/>
  <testcase name="parse_missingParts_failure" classname="seedu.ticktask.logic.parser.parseEditCommandTest" time="0.0"/>
  <testcase name="parse_invalidPreamble_failure" classname="seedu.ticktask.logic.parser.parseEditCommandTest" time="0.004"/>
  <system-out><![CDATA[]]></system-out>
  <system-err><![CDATA[]]></system-err>
</testsuite>
