<?xml version="1.0" encoding="UTF-8"?>
<testsuite name="seedu.ticktask.commons.util.StringUtilTest" tests="8" skipped="0" failures="0" errors="0" timestamp="2017-07-17T07:33:13" hostname="Cherry-Goh" time="0.007">
  <properties/>
  <testcase name="containsWordIgnoreCase_nullSentence_throwsNullPointerException" classname="seedu.ticktask.commons.util.StringUtilTest" time="0.002"/>
  <testcase name="isUnsignedPositiveInteger" classname="seedu.ticktask.commons.util.StringUtilTest" time="0.001"/>
  <testcase name="containsWordIgnoreCase_nullWord_throwsNullPointerException" classname="seedu.ticktask.commons.util.StringUtilTest" time="0.0"/>
  <testcase name="containsWordIgnoreCase_validInputs_correctResult" classname="seedu.ticktask.commons.util.StringUtilTest" time="0.001"/>
  <testcase name="containsWordIgnoreCase_emptyWord_throwsIllegalArgumentException" classname="seedu.ticktask.commons.util.StringUtilTest" time="0.001"/>
  <testcase name="getDetails_exceptionGiven" classname="seedu.ticktask.commons.util.StringUtilTest" time="0.001"/>
  <testcase name="containsWordIgnoreCase_multipleWords_throwsIllegalArgumentException" classname="seedu.ticktask.commons.util.StringUtilTest" time="0.001"/>
  <testcase name="getDetails_nullGiven_throwsNullPointerException" classname="seedu.ticktask.commons.util.StringUtilTest" time="0.0"/>
  <system-out><![CDATA[]]></system-out>
  <system-err><![CDATA[]]></system-err>
</testsuite>
