<?xml version="1.0" encoding="UTF-8"?>
<testsuite name="seedu.ticktask.logic.CommandHistoryTest" tests="1" skipped="0" failures="0" errors="0" timestamp="2017-07-17T07:33:14" hostname="Cherry-Goh" time="0.0">
  <properties/>
  <testcase name="add" classname="seedu.ticktask.logic.CommandHistoryTest" time="0.0"/>
  <system-out><![CDATA[]]></system-out>
  <system-err><![CDATA[]]></system-err>
</testsuite>
