<?xml version="1.0" encoding="UTF-8"?>
<testsuite name="seedu.ticktask.commons.util.ConfigUtilTest" tests="9" skipped="0" failures="0" errors="0" timestamp="2017-07-17T07:33:09" hostname="Cherry-Goh" time="0.737">
  <properties/>
  <testcase name="read_missingFile_emptyResult" classname="seedu.ticktask.commons.util.ConfigUtilTest" time="0.592"/>
  <testcase name="read_valuesMissingFromFile_defaultValuesUsed" classname="seedu.ticktask.commons.util.ConfigUtilTest" time="0.095"/>
  <testcase name="read_null_throwsNullPointerException" classname="seedu.ticktask.commons.util.ConfigUtilTest" time="0.002"/>
  <testcase name="read_fileInOrder_successfullyRead" classname="seedu.ticktask.commons.util.ConfigUtilTest" time="0.002"/>
  <testcase name="saveConfig_allInOrder_success" classname="seedu.ticktask.commons.util.ConfigUtilTest" time="0.036"/>
  <testcase name="read_extraValuesInFile_extraValuesIgnored" classname="seedu.ticktask.commons.util.ConfigUtilTest" time="0.001"/>
  <testcase name="save_nullConfig_throwsNullPointerException" classname="seedu.ticktask.commons.util.ConfigUtilTest" time="0.001"/>
  <testcase name="read_notJsonFormat_exceptionThrown" classname="seedu.ticktask.commons.util.ConfigUtilTest" time="0.004"/>
  <testcase name="save_nullFile_throwsNullPointerException" classname="seedu.ticktask.commons.util.ConfigUtilTest" time="0.001"/>
  <system-out><![CDATA[]]></system-out>
  <system-err><![CDATA[Jul 17, 2017 3:33:10 PM seedu.ticktask.commons.util.JsonUtil readJsonFile
INFO: Json file ./src/test/data/ConfigUtilTest/NonExistentFile.json not found
Jul 17, 2017 3:33:10 PM seedu.ticktask.commons.util.JsonUtil readJsonFile
WARNING: Error reading from jsonFile file ./src/test/data/ConfigUtilTest/NotJsonFormatConfig.json: com.fasterxml.jackson.core.JsonParseException: Unrecognized token 'this': was expecting 'null', 'true', 'false' or NaN
 at [Source: this file is not in json format!
; line: 1, column: 5]
]]></system-err>
</testsuite>
