<?xml version="1.0" encoding="UTF-8"?>
<testsuite name="seedu.ticktask.commons.util.JsonUtilTest" tests="2" skipped="0" failures="0" errors="0" timestamp="2017-07-17T07:33:13" hostname="Cherry-Goh" time="0.087">
  <properties/>
  <testcase name="deserializeObjectFromJsonFile_noExceptionThrown" classname="seedu.ticktask.commons.util.JsonUtilTest" time="0.074"/>
  <testcase name="serializeObjectToJsonFile_noExceptionThrown" classname="seedu.ticktask.commons.util.JsonUtilTest" time="0.013"/>
  <system-out><![CDATA[]]></system-out>
  <system-err><![CDATA[SLF4J: Failed to load class "org.slf4j.impl.StaticLoggerBinder".
SLF4J: Defaulting to no-operation (NOP) logger implementation
SLF4J: See http://www.slf4j.org/codes.html#StaticLoggerBinder for further details.
]]></system-err>
</testsuite>
