<?xml version="1.0" encoding="UTF-8"?>
<testsuite name="seedu.ticktask.commons.util.FileUtilTest" tests="1" skipped="0" failures="0" errors="0" timestamp="2017-07-17T07:33:10" hostname="Cherry-Goh" time="0.0">
  <properties/>
  <testcase name="getPath" classname="seedu.ticktask.commons.util.FileUtilTest" time="0.0"/>
  <system-out><![CDATA[]]></system-out>
  <system-err><![CDATA[]]></system-err>
</testsuite>
