<?xml version="1.0" encoding="UTF-8"?>
<testsuite name="seedu.ticktask.logic.commands.HelpCommandTest" tests="1" skipped="0" failures="0" errors="0" timestamp="2017-07-17T07:33:14" hostname="Cherry-Goh" time="0.004">
  <properties/>
  <testcase name="execute_help_success" classname="seedu.ticktask.logic.commands.HelpCommandTest" time="0.004"/>
  <system-out><![CDATA[]]></system-out>
  <system-err><![CDATA[Jul 17, 2017 3:33:14 PM seedu.ticktask.commons.core.EventsCenter post
INFO: ------[Event Posted] seedu.ticktask.commons.events.ui.ShowHelpRequestEvent: ShowHelpRequestEvent
]]></system-err>
</testsuite>
