<?xml version="1.0" encoding="UTF-8"?>
<testsuite name="seedu.ticktask.commons.core.ConfigTest" tests="2" skipped="0" failures="0" errors="0" timestamp="2017-07-17T07:33:09" hostname="Cherry-Goh" time="0.004">
  <properties/>
  <testcase name="equalsMethod" classname="seedu.ticktask.commons.core.ConfigTest" time="0.003"/>
  <testcase name="toString_defaultObject_stringReturned" classname="seedu.ticktask.commons.core.ConfigTest" time="0.0"/>
  <system-out><![CDATA[]]></system-out>
  <system-err><![CDATA[]]></system-err>
</testsuite>
