<?xml version="1.0" encoding="UTF-8"?>
<testsuite name="seedu.ticktask.logic.parser.DeleteCommandParserTest" tests="2" skipped="0" failures="0" errors="0" timestamp="2017-07-17T07:33:14" hostname="Cherry-Goh" time="0.002">
  <properties/>
  <testcase name="parse_validArgs_returnsDeleteCommand" classname="seedu.ticktask.logic.parser.DeleteCommandParserTest" time="0.0"/>
  <testcase name="parse_invalidArgs_throwsParseException" classname="seedu.ticktask.logic.parser.DeleteCommandParserTest" time="0.001"/>
  <system-out><![CDATA[]]></system-out>
  <system-err><![CDATA[]]></system-err>
</testsuite>
