<?xml version="1.0" encoding="UTF-8"?>
<testsuite name="seedu.ticktask.model.ModelManagerTest" tests="1" skipped="0" failures="0" errors="0" timestamp="2017-07-17T07:33:15" hostname="Cherry-Goh" time="0.002">
  <properties/>
  <testcase name="equals" classname="seedu.ticktask.model.ModelManagerTest" time="0.002"/>
  <system-out><![CDATA[]]></system-out>
  <system-err><![CDATA[]]></system-err>
</testsuite>
