<?xml version="1.0" encoding="UTF-8"?>
<testsuite name="seedu.ticktask.storage.StorageManagerTest" tests="4" skipped="0" failures="0" errors="0" timestamp="2017-07-17T07:33:15" hostname="Cherry-Goh" time="0.106">
  <properties/>
  <testcase name="ticktaskBookReadSave" classname="seedu.ticktask.storage.StorageManagerTest" time="0.042"/>
  <testcase name="handleTickTaskChangedEvent_exceptionThrown_eventRaised" classname="seedu.ticktask.storage.StorageManagerTest" time="0.005"/>
  <testcase name="getTickTaskFilePath" classname="seedu.ticktask.storage.StorageManagerTest" time="0.003"/>
  <testcase name="prefsReadSave" classname="seedu.ticktask.storage.StorageManagerTest" time="0.056"/>
  <system-out><![CDATA[]]></system-out>
  <system-err><![CDATA[Jul 17, 2017 3:33:15 PM seedu.ticktask.storage.StorageManager handleTickTaskChangedEvent
INFO: ---[Event handled][number of Tasks 0, number of tags 0]Local data changed, saving to file
Jul 17, 2017 3:33:15 PM seedu.ticktask.commons.core.EventsCenter post
INFO: ------[Event Posted] seedu.ticktask.commons.events.storage.DataSavingExceptionEvent: java.io.IOException: dummy exception
]]></system-err>
</testsuite>
