<?xml version="1.0" encoding="UTF-8"?>
<testsuite name="seedu.ticktask.commons.util.CollectionUtilTest" tests="4" skipped="0" failures="0" errors="0" timestamp="2017-07-17T07:33:09" hostname="Cherry-Goh" time="0.03">
  <properties/>
  <testcase name="requireAllNonNullCollection" classname="seedu.ticktask.commons.util.CollectionUtilTest" time="0.003"/>
  <testcase name="elementsAreUnique" classname="seedu.ticktask.commons.util.CollectionUtilTest" time="0.0"/>
  <testcase name="requireAllNonNullVarargs" classname="seedu.ticktask.commons.util.CollectionUtilTest" time="0.02"/>
  <testcase name="isAnyNonNull" classname="seedu.ticktask.commons.util.CollectionUtilTest" time="0.007"/>
  <system-out><![CDATA[]]></system-out>
  <system-err><![CDATA[]]></system-err>
</testsuite>
