<?xml version="1.0" encoding="UTF-8"?>
<testsuite name="seedu.ticktask.commons.util.XmlUtilTest" tests="9" skipped="0" failures="0" errors="0" timestamp="2017-07-17T07:33:13" hostname="Cherry-Goh" time="0.299">
  <properties/>
  <testcase name="saveDataToFile_nullClass_throwsNullPointerException" classname="seedu.ticktask.commons.util.XmlUtilTest" time="0.001"/>
  <testcase name="getDataFromFile_nullClass_throwsNullPointerException" classname="seedu.ticktask.commons.util.XmlUtilTest" time="0.0"/>
  <testcase name="saveDataToFile_validFile_dataSaved" classname="seedu.ticktask.commons.util.XmlUtilTest" time="0.272"/>
  <testcase name="getDataFromFile_nullFile_throwsNullPointerException" classname="seedu.ticktask.commons.util.XmlUtilTest" time="0.001"/>
  <testcase name="getDataFromFile_missingFile_fileNotFoundException" classname="seedu.ticktask.commons.util.XmlUtilTest" time="0.0"/>
  <testcase name="getDataFromFile_emptyFile_dataFormatMismatchException" classname="seedu.ticktask.commons.util.XmlUtilTest" time="0.015"/>
  <testcase name="saveDataToFile_missingFile_fileNotFoundException" classname="seedu.ticktask.commons.util.XmlUtilTest" time="0.0"/>
  <testcase name="getDataFromFile_validFile_validResult" classname="seedu.ticktask.commons.util.XmlUtilTest" time="0.007"/>
  <testcase name="saveDataToFile_nullFile_throwsNullPointerException" classname="seedu.ticktask.commons.util.XmlUtilTest" time="0.0"/>
  <system-out><![CDATA[]]></system-out>
  <system-err><![CDATA[]]></system-err>
</testsuite>
