<?xml version="1.0" encoding="UTF-8"?>
<testsuite name="seedu.ticktask.logic.commands.ClearCommandTest" tests="2" skipped="0" failures="0" errors="0" timestamp="2017-07-17T07:33:14" hostname="Cherry-Goh" time="0.025">
  <properties/>
  <testcase name="execute_nonEmptyTickTask_success" classname="seedu.ticktask.logic.commands.ClearCommandTest" time="0.023"/>
  <testcase name="execute_emptyTickTask_success" classname="seedu.ticktask.logic.commands.ClearCommandTest" time="0.002"/>
  <system-out><![CDATA[]]></system-out>
  <system-err><![CDATA[Jul 17, 2017 3:33:14 PM seedu.ticktask.commons.core.EventsCenter post
INFO: ------[Event Posted] seedu.ticktask.commons.events.model.TickTaskChangedEvent: number of Tasks 0, number of tags 0
Jul 17, 2017 3:33:14 PM seedu.ticktask.commons.core.EventsCenter post
INFO: ------[Event Posted] seedu.ticktask.commons.events.model.TickTaskChangedEvent: number of Tasks 0, number of tags 0
]]></system-err>
</testsuite>
