<?xml version="1.0" encoding="UTF-8"?>
<testsuite name="seedu.ticktask.logic.commands.ListCommandTest" tests="2" skipped="0" failures="0" errors="0" timestamp="2017-07-17T07:33:14" hostname="Cherry-Goh" time="0.026">
  <properties/>
  <testcase name="execute_listIsFiltered_showsEverything" classname="seedu.ticktask.logic.commands.ListCommandTest" time="0.012"/>
  <testcase name="execute_listIsNotFiltered_showsSameList" classname="seedu.ticktask.logic.commands.ListCommandTest" time="0.013"/>
  <system-out><![CDATA[]]></system-out>
  <system-err><![CDATA[]]></system-err>
</testsuite>
