<?xml version="1.0" encoding="UTF-8"?>
<testsuite name="seedu.ticktask.logic.commands.AddCommandIntegrationTest" tests="2" skipped="0" failures="0" errors="0" timestamp="2017-07-17T07:33:14" hostname="Cherry-Goh" time="0.32">
  <properties/>
  <testcase name="execute_newTask_success" classname="seedu.ticktask.logic.commands.AddCommandIntegrationTest" time="0.301"/>
  <testcase name="execute_duplicateTask_throwsCommandException" classname="seedu.ticktask.logic.commands.AddCommandIntegrationTest" time="0.019"/>
  <system-out><![CDATA[]]></system-out>
  <system-err><![CDATA[Jul 17, 2017 3:33:14 PM seedu.ticktask.commons.core.EventsCenter post
INFO: ------[Event Posted] seedu.ticktask.commons.events.model.TickTaskChangedEvent: number of Tasks 4, number of tags 3
Jul 17, 2017 3:33:14 PM seedu.ticktask.commons.core.EventsCenter post
INFO: ------[Event Posted] seedu.ticktask.commons.events.model.TickTaskChangedEvent: number of Tasks 4, number of tags 3
]]></system-err>
</testsuite>
