<?xml version="1.0" encoding="UTF-8"?>
<testsuite name="seedu.ticktask.commons.core.index.IndexTest" tests="3" skipped="0" failures="0" errors="0" timestamp="2017-07-17T07:33:09" hostname="Cherry-Goh" time="0.004">
  <properties/>
  <testcase name="equals" classname="seedu.ticktask.commons.core.index.IndexTest" time="0.001"/>
  <testcase name="createZeroBasedIndex" classname="seedu.ticktask.commons.core.index.IndexTest" time="0.0"/>
  <testcase name="createOneBasedIndex" classname="seedu.ticktask.commons.core.index.IndexTest" time="0.001"/>
  <system-out><![CDATA[]]></system-out>
  <system-err><![CDATA[]]></system-err>
</testsuite>
